<?xml version="1.0" encoding="UTF-8"?>
<!-- Generated by org.testng.reporters.JUnitXMLReporter -->
<testsuite ignored="0" hostname="IN-FK172J3" failures="0" tests="5" name="Default test" time="5.931" errors="0" timestamp="2023-02-06T11:26:21 IST">
  <testcase classname="Chaining.ChainingTest" name="createUser" time="3.361"/>
  <testcase classname="Chaining.ChainingTest" name="getUserDetails" time="0.725"/>
  <testcase classname="Chaining.ChainingTest" name="updateUserDetails" time="0.707"/>
  <testcase classname="Chaining.ChainingTest" name="deleteUserDetails" time="0.598"/>
  <testcase classname="Chaining.ChainingTest" name="FindtheUserAndTheUserIndex" time="0.481"/>
</testsuite> <!-- Default test -->
